PizzaMizza/pizzaMizza/proguard-rules.txt
-keepattributes SourceFile,LineNumberTable
-keep class com.parse.*{ *; }
-dontwarn com.parse.**
-dontwarn com.squareup.picasso.**
-keepclasseswithmembernames class * {
    native <methods>;
}  
-keep class com.google.api.services.plus.** { *; }
-dontpreverify
-repackageclasses ''
-allowaccessmodification
-optimizations !code/simplification/arithmetic
-keepattributes *Annotation*

-keep public class * extends android.app.Activity
-keep public class * extends android.app.Application
-keep public class * extends android.app.Service
-keep public class * extends android.content.BroadcastReceiver
-keep public class * extends android.content.ContentProvider

-keep public class * extends android.view.View {
    public <init>(android.content.Context);
    public <init>(android.content.Context, android.util.AttributeSet);
    public <init>(android.content.Context, android.util.AttributeSet, int);
    public void set*(...);
}

-keepclasseswithmembers class * {
    public <init>(android.content.Context, android.util.AttributeSet);
}

-keepclasseswithmembers class * {
    public <init>(android.content.Context, android.util.AttributeSet, int);
}

-keepclassmembers class * extends android.content.Context {
   public void *(android.view.View);
   public void *(android.view.MenuItem);
}

-keepclassmembers class * implements android.os.Parcelable {
    static ** CREATOR;
}

-keepclassmembers class **.R$* {
    public static <fields>;
}

-keepclassmembers class * {
    @android.webkit.JavascriptInterface <methods>;
}
-dontwarn android.support.**

-keep public interface com.android.vending.licensing.ILicensingService