PizzaMizza/pizzaMizza/build/outputs/mapping/release/seeds.txt
az.nms.pizzamizza.PizzaMizzaApplication
az.nms.pizzamizza.PizzaMizzaApplication: PizzaMizzaApplication()
az.nms.pizzamizza.PizzaMizzaService
az.nms.pizzamizza.PizzaMizzaService: PizzaMizzaService()
az.nms.pizzamizza.R$anim: int abc_fade_in
az.nms.pizzamizza.R$anim: int abc_fade_out
az.nms.pizzamizza.R$anim: int abc_grow_fade_in_from_bottom
az.nms.pizzamizza.R$anim: int abc_popup_enter
az.nms.pizzamizza.R$anim: int abc_popup_exit
az.nms.pizzamizza.R$anim: int abc_shrink_fade_out_from_bottom
az.nms.pizzamizza.R$anim: int abc_slide_in_bottom
az.nms.pizzamizza.R$anim: int abc_slide_in_top
az.nms.pizzamizza.R$anim: int abc_slide_out_bottom
az.nms.pizzamizza.R$anim: int abc_slide_out_top
az.nms.pizzamizza.R$anim: int alpha
az.nms.pizzamizza.R$anim: int decelerate_cubic
az.nms.pizzamizza.R$anim: int down_from_top
az.nms.pizzamizza.R$anim: int fadein
az.nms.pizzamizza.R$anim: int fadeout
az.nms.pizzamizza.R$anim: int left_to_right
az.nms.pizzamizza.R$anim: int popup_enter
az.nms.pizzamizza.R$anim: int popup_exit
az.nms.pizzamizza.R$anim: int push_left
az.nms.pizzamizza.R$anim: int slide_in_bottom
az.nms.pizzamizza.R$anim: int slide_in_left
az.nms.pizzamizza.R$anim: int slide_in_right
az.nms.pizzamizza.R$anim: int slide_out_bottom
az.nms.pizzamizza.R$anim: int slide_out_left
az.nms.pizzamizza.R$anim: int slide_out_right
az.nms.pizzamizza.R$anim: int translate
az.nms.pizzamizza.R$anim: int translate_out
az.nms.pizzamizza.R$anim: int up_from_bottom
az.nms.pizzamizza.R$array: int food_sizes
az.nms.pizzamizza.R$attr: int actionBarDivider
az.nms.pizzamizza.R$attr: int actionBarItemBackground
az.nms.pizzamizza.R$attr: int actionBarPopupTheme
az.nms.pizzamizza.R$attr: int actionBarSize
az.nms.pizzamizza.R$attr: int actionBarSplitStyle
az.nms.pizzamizza.R$attr: int actionBarStyle
az.nms.pizzamizza.R$attr: int actionBarTabBarStyle
az.nms.pizzamizza.R$attr: int actionBarTabStyle
az.nms.pizzamizza.R$attr: int actionBarTabTextStyle
az.nms.pizzamizza.R$attr: int actionBarTheme
az.nms.pizzamizza.R$attr: int actionBarWidgetTheme
az.nms.pizzamizza.R$attr: int actionButtonStyle
az.nms.pizzamizza.R$attr: int actionDropDownStyle
az.nms.pizzamizza.R$attr: int actionLayout
az.nms.pizzamizza.R$attr: int actionMenuTextAppearance
az.nms.pizzamizza.R$attr: int actionMenuTextColor
az.nms.pizzamizza.R$attr: int actionModeBackground
az.nms.pizzamizza.R$attr: int actionModeCloseButtonStyle
az.nms.pizzamizza.R$attr: int actionModeCloseDrawable
az.nms.pizzamizza.R$attr: int actionModeCopyDrawable
az.nms.pizzamizza.R$attr: int actionModeCutDrawable
az.nms.pizzamizza.R$attr: int actionModeFindDrawable
az.nms.pizzamizza.R$attr: int actionModePasteDrawable
az.nms.pizzamizza.R$attr: int actionModePopupWindowStyle
az.nms.pizzamizza.R$attr: int actionModeSelectAllDrawable
az.nms.pizzamizza.R$attr: int actionModeShareDrawable
az.nms.pizzamizza.R$attr: int actionModeSplitBackground
az.nms.pizzamizza.R$attr: int actionModeStyle
az.nms.pizzamizza.R$attr: int actionModeWebSearchDrawable
az.nms.pizzamizza.R$bool: int abc_action_bar_embed_tabs
az.nms.pizzamizza.R$bool: int abc_action_bar_embed_tabs_pre_jb
az.nms.pizzamizza.R$bool: int abc_action_bar_expanded_action_views_exclusive
az.nms.pizzamizza.R$bool: int abc_config_actionMenuItemAllCaps
az.nms.pizzamizza.R$bool: int abc_config_allowActionMenuItemTextWithIcon
az.nms.pizzamizza.R$bool: int abc_config_closeDialogWhenTouchOutside
az.nms.pizzamizza.R$bool: int abc_config_showMenuShortcutsWhenKeyboardPresent
...
com.google.android.gms.common.server.response.FastJsonResponse$Field
com.google.android.gms.common.server.response.FastJsonResponse$Field: com.google.android.gms.common.server.response.zza CREATOR
com.google.android.gms.common.server.response.FastSafeParcelableJsonResponse
com.google.android.gms.common.server.response.FieldMappingDictionary
com.google.android.gms.common.server.response.FieldMappingDictionary: com.google.android.gms.common.server.response.zzc CREATOR
com.google.android.gms.common.server.response.FieldMappingDictionary$Entry
com.google.android.gms.common.server.response.FieldMappingDictionary$Entry: com.google.android.gms.common.server.response.zzd CREATOR
com.google.android.gms.common.server.response.FieldMappingDictionary$FieldMapPair
com.google.android.gms.common.server.response.FieldMappingDictionary$FieldMapPair: com.google.android.gms.common.server.response.zzb CREATOR
com.google.android.gms.common.server.response.SafeParcelResponse
com.google.android.gms.common.server.response.SafeParcelResponse: com.google.android.gms.common.server.response.zze CREATOR
com.google.android.gms.common.stats.ConnectionEvent
com.google.android.gms.common.stats.ConnectionEvent: android.os.Parcelable$Creator CREATOR
com.google.android.gms.internal.zzjr: com.google.android.gms.internal.zzjr[] values()
com.google.android.gms.internal.zzjr: com.google.android.gms.internal.zzjr valueOf(java.lang.String)
com.google.android.gms.internal.zzki
com.google.android.gms.maps.GoogleMapOptions
com.google.android.gms.maps.GoogleMapOptions: com.google.android.gms.maps.zza CREATOR
com.google.android.gms.maps.MapFragment
com.google.android.gms.maps.MapFragment: MapFragment()
com.google.android.gms.maps.MapView
com.google.android.gms.maps.MapView: MapView(android.content.Context)
com.google.android.gms.maps.MapView: MapView(android.content.Context,android.util.AttributeSet)
com.google.android.gms.maps.MapView: MapView(android.content.Context,android.util.AttributeSet,int)
com.google.android.gms.maps.MapView: com.google.android.gms.maps.GoogleMap getMap()
com.google.android.gms.maps.R$attr: int cameraBearing
com.google.android.gms.maps.R$attr: int cameraTargetLat
com.google.android.gms.maps.R$attr: int cameraTargetLng
com.google.android.gms.maps.R$attr: int cameraTilt
com.google.android.gms.maps.R$attr: int cameraZoom
com.google.android.gms.maps.R$attr: int circleCrop
com.google.android.gms.maps.R$attr: int imageAspectRatio
com.google.android.gms.maps.R$attr: int imageAspectRatioAdjust
com.google.android.gms.maps.R$attr: int liteMode
com.google.android.gms.maps.R$attr: int mapType
com.google.android.gms.maps.R$attr: int uiCompass
com.google.android.gms.maps.R$attr: int uiMapToolbar
com.google.android.gms.maps.R$attr: int uiRotateGestures
com.google.android.gms.maps.R$attr: int uiScrollGestures
com.google.android.gms.maps.R$attr: int uiTiltGestures
com.google.android.gms.maps.R$attr: int uiZoomControls
com.google.android.gms.maps.R$attr: int uiZoomGestures
com.google.android.gms.maps.R$attr: int useViewLifecycle
com.google.android.gms.maps.R$attr: int zOrderOnTop