PizzaMizza/pizzaMizza/build/outputs/mapping/release/mapping.txt
az.nms.pizzamizza.InitializeMenuAsynctask -> zv:
    java.lang.String currentLanguage -> a
    az.nms.pizzamizza.tools.JSONParser jParser -> b
    az.nms.pizzamizza.tools.PizzaMizzaDatabase db -> c
    android.app.Activity context -> d
    java.util.List deliveryAreas -> e
    int action -> f
    com.afollestad.materialdialogs.MaterialDialog dialog -> g
    61:75:void onPreExecute() -> onPreExecute
    82:166:java.lang.Integer doInBackground(java.lang.String[]) -> a
    172:207:void onPostExecute(java.lang.Integer) -> a
    214:237:com.afollestad.materialdialogs.MaterialDialog$Builder onCreateDialog() -> a
    32:32:void onPostExecute(java.lang.Object) -> onPostExecute
    32:32:java.lang.Object doInBackground(java.lang.Object[]) -> doInBackground
    32:32:android.app.Activity access$000(az.nms.pizzamizza.InitializeMenuAsynctask) -> a
    32:32:int access$100(az.nms.pizzamizza.InitializeMenuAsynctask) -> b
az.nms.pizzamizza.InitializeMenuAsynctask$1 -> zw:
    az.nms.pizzamizza.InitializeMenuAsynctask this$0 -> a
    226:228:void onPositive(com.afollestad.materialdialogs.MaterialDialog) -> a
    232:234:void onNegative(com.afollestad.materialdialogs.MaterialDialog) -> b
az.nms.pizzamizza.PizzaMizzaApplication -> az.nms.pizzamizza.PizzaMizzaApplication:
    13:20:void onCreate() -> onCreate
az.nms.pizzamizza.PizzaMizzaService -> az.nms.pizzamizza.PizzaMizzaService:
    int UPDATE_TIME_PERIOD -> a
    az.nms.pizzamizza.tools.JSONParser jParser -> b
    az.nms.pizzamizza.PizzaMizzaService$OrderUpdater orderUpdater -> c
    int TYPE_ORDER -> d
    int TYPE_MESSAGE -> e
    az.nms.pizzamizza.tools.PizzaMizzaDatabase db -> f
    java.lang.Thread thread -> g
    android.os.Handler orderHandler -> h
    android.content.Context context -> i
    54:54:android.os.IBinder onBind(android.content.Intent) -> onBind
    61:69:int onStartCommand(android.content.Intent,int,int) -> onStartCommand
    74:82:void onCreate() -> onCreate
    86:89:void onDestroy() -> onDestroy
    182:232:void showNotification(java.lang.String,int,int) -> a
    34:34:android.content.Context access$000(az.nms.pizzamizza.PizzaMizzaService) -> a
    34:34:az.nms.pizzamizza.tools.JSONParser access$100(az.nms.pizzamizza.PizzaMizzaService) -> b
    34:34:az.nms.pizzamizza.tools.PizzaMizzaDatabase access$200(az.nms.pizzamizza.PizzaMizzaService) -> c
    34:34:az.nms.pizzamizza.PizzaMizzaService$OrderUpdater access$300(az.nms.pizzamizza.PizzaMizzaService) -> d
    34:34:android.os.Handler access$400(az.nms.pizzamizza.PizzaMizzaService) -> e
az.nms.pizzamizza.PizzaMizzaService$NotificationID -> zx:
    java.util.concurrent.atomic.AtomicInteger c -> a
    237:237:int getID() -> a
az.nms.pizzamizza.PizzaMizzaService$OrderUpdater -> zy:
    az.nms.pizzamizza.PizzaMizzaService this$0 -> a
    101:167:void run() -> run
az.nms.pizzamizza.PizzaMizzaService$OrderUpdater$1 -> zz:
    az.nms.pizzamizza.PizzaMizzaService$OrderUpdater this$1 -> a
    163:164:void run() -> run
az.nms.pizzamizza.RegisterDeviceAsynctask -> aaa:
    android.content.Context context -> a
    java.lang.String regid -> b
    38:47:void onPostExecute(java.lang.Integer) -> a
    55:79:java.lang.Integer doInBackground(java.lang.String[]) -> a
    85:109:com.afollestad.materialdialogs.MaterialDialog$Builder onCreateDialog() -> a
    24:24:void onPostExecute(java.lang.Object) -> onPostExecute
    24:24:java.lang.Object doInBackground(java.lang.Object[]) -> doInBackground
    24:24:android.content.Context access$000(az.nms.pizzamizza.RegisterDeviceAsynctask) -> a
az.nms.pizzamizza.RegisterDeviceAsynctask$1 -> aab:
    az.nms.pizzamizza.RegisterDeviceAsynctask this$0 -> a
    97:99:void onPositive(com.afollestad.materialdialogs.MaterialDialog) -> a
    103:106:void onNegative(com.afollestad.materialdialogs.MaterialDialog) -> b
...
com.google.android.gms.maps.internal.zzw$zza -> avw:
    com.google.android.gms.maps.internal.zzw zzcF(android.os.IBinder) -> a
    android.os.IBinder asBinder() -> asBinder
    boolean onTransact(int,android.os.Parcel,android.os.Parcel,int) -> onTransact
com.google.android.gms.maps.internal.zzw$zza$zza -> avx:
    android.os.IBinder zznF -> a
    android.os.IBinder asBinder() -> asBinder
    void onSnapshotReady(android.graphics.Bitmap) -> a
    void zzp(com.google.android.gms.dynamic.zzd) -> a
com.google.android.gms.maps.internal.zzx -> avy:
    void zza(android.os.Bundle,java.lang.String,android.os.Parcelable) -> a
com.google.android.gms.maps.internal.zzy -> avz:
    android.content.Context zzaCM -> a
    com.google.android.gms.maps.internal.zzc zzaCN -> b
    com.google.android.gms.maps.internal.zzc zzay(android.content.Context) -> a
    boolean zzvE() -> a
    java.lang.Class zzvF() -> b
    void zzaz(android.content.Context) -> b
    com.google.android.gms.maps.internal.zzc zzaA(android.content.Context) -> c
    android.content.Context getRemoteContext(android.content.Context) -> d
    java.lang.Object zza(java.lang.ClassLoader,java.lang.String) -> a
    java.lang.Object zzc(java.lang.Class) -> a
com.google.android.gms.maps.internal.zzz -> awa:
    com.google.android.gms.maps.internal.Point zzeK(android.os.Parcel) -> a
    com.google.android.gms.maps.internal.Point[] zzhk(int) -> a
    void zza(com.google.android.gms.maps.internal.Point,android.os.Parcel,int) -> a
    java.lang.Object[] newArray(int) -> newArray
    java.lang.Object createFromParcel(android.os.Parcel) -> createFromParcel
com.google.android.gms.maps.model.BitmapDescriptor -> awb:
    com.google.android.gms.dynamic.zzd zzaBn -> a
    com.google.android.gms.dynamic.zzd zzvg() -> a
com.google.android.gms.maps.model.BitmapDescriptorFactory -> awc:
    com.google.android.gms.maps.model.internal.zzd zzaCP -> a
    com.google.android.gms.maps.model.internal.zzd zzvH() -> a
    void zza(com.google.android.gms.maps.model.internal.zzd) -> a
    com.google.android.gms.maps.model.BitmapDescriptor fromResource(int) -> a
com.google.android.gms.maps.model.CameraPosition -> com.google.android.gms.maps.model.CameraPosition:
    com.google.android.gms.maps.model.zza CREATOR -> CREATOR
    int zzCY -> e
    com.google.android.gms.maps.model.LatLng target -> a
    float zoom -> b
    float tilt -> c
    float bearing -> d
    void writeToParcel(android.os.Parcel,int) -> writeToParcel
    int describeContents() -> describeContents
    int hashCode() -> hashCode
    int getVersionCode() -> a
    com.google.android.gms.maps.model.CameraPosition$Builder builder() -> b
    boolean equals(java.lang.Object) -> equals
    java.lang.String toString() -> toString
    com.google.android.gms.maps.model.CameraPosition createFromAttributes(android.content.Context,android.util.AttributeSet) -> a
com.google.android.gms.maps.model.CameraPosition$Builder -> awd:
    com.google.android.gms.maps.model.LatLng zzaCQ -> a
    float zzaCR -> b
    float zzaCS -> c
    float zzaCT -> d
    com.google.android.gms.maps.model.CameraPosition$Builder target(com.google.android.gms.maps.model.LatLng) -> a
    com.google.android.gms.maps.model.CameraPosition$Builder zoom(float) -> a
    com.google.android.gms.maps.model.CameraPosition$Builder tilt(float) -> b
    com.google.android.gms.maps.model.CameraPosition$Builder bearing(float) -> c
    com.google.android.gms.maps.model.CameraPosition build() -> a