PizzaMizza/pizzaMizza/build/outputs/mapping/release/usage.txt
az.nms.pizzamizza.BuildConfig
az.nms.pizzamizza.Constants
az.nms.pizzamizza.InitializeMenuAsynctask:
    public static final int ACTION_INIT
    public static final int ACTION_RELOAD
az.nms.pizzamizza.PizzaMizzaService$NotificationID:
    234:234:public PizzaMizzaService$NotificationID()
az.nms.pizzamizza.R
az.nms.pizzamizza.R$anim
az.nms.pizzamizza.R$array
az.nms.pizzamizza.R$attr
az.nms.pizzamizza.R$bool
az.nms.pizzamizza.R$color
az.nms.pizzamizza.R$dimen
az.nms.pizzamizza.R$drawable
az.nms.pizzamizza.R$id
az.nms.pizzamizza.R$integer
az.nms.pizzamizza.R$layout
az.nms.pizzamizza.R$menu
az.nms.pizzamizza.R$raw
az.nms.pizzamizza.R$string
az.nms.pizzamizza.R$style
az.nms.pizzamizza.R$styleable
az.nms.pizzamizza.SharedData:
    private static java.lang.String regid
    private static final java.lang.String PREFS_FILENAME
    private static final java.lang.String PREFS_TIMESTAMP
    private static final java.lang.String PREFS_LANGUAGE
    private static final java.lang.String PREFS_FIRST_RUN
    private static final java.lang.String PREFS_ZONE_ID
    private static final java.lang.String PREFS_STREET_NAME
    private static final java.lang.String PREFS_APT_NUMBER
    private static final java.lang.String PREFS_REG_ID
    private static final java.lang.String PREFS_SAVE_DETAILS
    private static final java.lang.String PREFS_STORE_OPEN
    private static final java.lang.String PREFS_LAST_UPDATE_DATE
    7:7:public SharedData()
az.nms.pizzamizza.activities.AboutActivity:
    android.support.v4.view.ViewPager photo_pager
az.nms.pizzamizza.activities.DeliveryAddressActivity:
    public static final java.lang.String ACTION_DELIVERY
az.nms.pizzamizza.activities.FoodListActivity:
    private int index
az.nms.pizzamizza.activities.HomeScreenActivity:
    private static final double MIN_ORDER
    private static final java.lang.String NO_ORDERS
az.nms.pizzamizza.adapters.FoodListAdapter:
    public static final int SEARCH
    public static final int LIST
az.nms.pizzamizza.adapters.FoodListAdapter$ItemsHolder:
    android.widget.LinearLayout rl
az.nms.pizzamizza.adapters.ListItem$ItemOnClickListener:
    int quantity
az.nms.pizzamizza.adapters.MyOrdersListAdapter$HeaderHolder:
    289:289:public int getCount()
az.nms.pizzamizza.models.DeliveryArea:
    27:28:public void setMinOrder(int)
    35:36:public void setName(java.lang.String)
    43:44:public void setId(int)
az.nms.pizzamizza.models.Food:
    41:42:public void setId(int)
    49:50:public void setPriceSmall(double)
    57:58:public void setPriceMedium(double)
    65:66:public void setPriceLarge(double)
    73:74:public void setType(java.lang.String)
    81:82:public void setImage(java.lang.String)
    89:90:public void setName(java.lang.String)
az.nms.pizzamizza.models.FoodTopping:
    22:23:public void setId(int)
    30:31:public void setFoodId(int)
    38:39:public void setTopId(int)
az.nms.pizzamizza.models.MenuItems:
    16:16:public int getIcon()
    20:21:public void setIcon(int)
    24:24:public int getTitle()
    28:29:public void setTitle(int)
az.nms.pizzamizza.models.MyOrderItems
az.nms.pizzamizza.models.MyOrderStatus
az.nms.pizzamizza.models.MyOrders:
    21:28:public MyOrders(int,int,java.util.List,double,java.lang.String)
    45:49:public MyOrders(int,int)
    57:58:public void setStatus(int)
    69:70:public void setCustomerName(java.lang.String)
    73:74:public void setCustomerPhone(java.lang.String)
    81:82:public void setOrderId(int)
    90:91:public void setOrders(java.util.List)
    94:94:public int getId()
    98:99:public void setId(int)
    106:107:public void setPrice(double)
    114:115:public void setDate(java.lang.String)
    123:124:public void setType(java.lang.String)
...
com.google.android.gms.maps.R$styleable
com.google.android.gms.maps.StreetViewPanorama:
    com.google.android.gms.maps.internal.IStreetViewPanoramaDelegate zzvw()
    public boolean isZoomGesturesEnabled()
    public void setZoomGesturesEnabled(boolean)
    public boolean isPanningGesturesEnabled()
    public void setPanningGesturesEnabled(boolean)
    public boolean isUserNavigationEnabled()
    public void setUserNavigationEnabled(boolean)
    public boolean isStreetNamesEnabled()
    public void setStreetNamesEnabled(boolean)
    public void animateTo(com.google.android.gms.maps.model.StreetViewPanoramaCamera,long)
    public com.google.android.gms.maps.model.StreetViewPanoramaCamera getPanoramaCamera()
    public void setPosition(java.lang.String)
    public void setPosition(com.google.android.gms.maps.model.LatLng)
    public void setPosition(com.google.android.gms.maps.model.LatLng,int)
    public com.google.android.gms.maps.model.StreetViewPanoramaLocation getLocation()
    public com.google.android.gms.maps.model.StreetViewPanoramaOrientation pointToOrientation(android.graphics.Point)
    public android.graphics.Point orientationToPoint(com.google.android.gms.maps.model.StreetViewPanoramaOrientation)
    public final void setOnStreetViewPanoramaChangeListener(com.google.android.gms.maps.StreetViewPanorama$OnStreetViewPanoramaChangeListener)
    public final void setOnStreetViewPanoramaCameraChangeListener(com.google.android.gms.maps.StreetViewPanorama$OnStreetViewPanoramaCameraChangeListener)
com.google.android.gms.maps.StreetViewPanorama$1
com.google.android.gms.maps.StreetViewPanorama$2
com.google.android.gms.maps.StreetViewPanorama$3
com.google.android.gms.maps.StreetViewPanorama$4
com.google.android.gms.maps.StreetViewPanorama$OnStreetViewPanoramaCameraChangeListener
com.google.android.gms.maps.StreetViewPanorama$OnStreetViewPanoramaChangeListener
com.google.android.gms.maps.StreetViewPanorama$OnStreetViewPanoramaClickListener
com.google.android.gms.maps.StreetViewPanorama$OnStreetViewPanoramaLongClickListener
com.google.android.gms.maps.StreetViewPanoramaFragment
com.google.android.gms.maps.StreetViewPanoramaFragment$zza
com.google.android.gms.maps.StreetViewPanoramaFragment$zza$1
com.google.android.gms.maps.StreetViewPanoramaFragment$zzb
com.google.android.gms.maps.StreetViewPanoramaOptions:
    public com.google.android.gms.maps.StreetViewPanoramaOptions panoramaCamera(com.google.android.gms.maps.model.StreetViewPanoramaCamera)
    public com.google.android.gms.maps.StreetViewPanoramaOptions panoramaId(java.lang.String)
    public com.google.android.gms.maps.StreetViewPanoramaOptions position(com.google.android.gms.maps.model.LatLng)
    public com.google.android.gms.maps.StreetViewPanoramaOptions position(com.google.android.gms.maps.model.LatLng,java.lang.Integer)
    public com.google.android.gms.maps.StreetViewPanoramaOptions userNavigationEnabled(boolean)
    public com.google.android.gms.maps.StreetViewPanoramaOptions zoomGesturesEnabled(boolean)
    public com.google.android.gms.maps.StreetViewPanoramaOptions panningGesturesEnabled(boolean)
    public com.google.android.gms.maps.StreetViewPanoramaOptions streetNamesEnabled(boolean)
    public com.google.android.gms.maps.StreetViewPanoramaOptions useViewLifecycleInFragment(boolean)
    public java.lang.Boolean getUserNavigationEnabled()
    public java.lang.Boolean getZoomGesturesEnabled()
    public java.lang.Boolean getPanningGesturesEnabled()
    public java.lang.Boolean getStreetNamesEnabled()
    public java.lang.Boolean getUseViewLifecycleInFragment()